[2020-11-20 11:39:08,402] multiqc                                            [DEBUG  ]  No MultiQC config found: /shared/mfs/data/projects/bi4edc/RASflow_IFB/.snakemake/conda/43b54aba/lib/python3.7/site-packages/multiqc_config.yaml
[2020-11-20 11:39:08,405] multiqc                                            [DEBUG  ]  No MultiQC config found: /shared/home/mhennion/.multiqc_config.yaml
[2020-11-20 11:39:08,405] multiqc                                            [DEBUG  ]  No MultiQC config found: multiqc_config.yaml
[2020-11-20 11:39:08,405] multiqc                                            [DEBUG  ]  Command used: /shared/mfs/data/projects/bi4edc/RASflow_IFB/.snakemake/conda/43b54aba/bin/multiqc /shared/projects/bi4edc/RASflow_IFB/results/LXACT_wholedata/mapping_hisat2/alignmentQC/D197-D192T27_BAMqc /shared/projects/bi4edc/RASflow_IFB/results/LXACT_wholedata/mapping_hisat2/alignmentQC/D197-D192T28_BAMqc /shared/projects/bi4edc/RASflow_IFB/results/LXACT_wholedata/mapping_hisat2/alignmentQC/D197-D192T29_BAMqc /shared/projects/bi4edc/RASflow_IFB/results/LXACT_wholedata/mapping_hisat2/alignmentQC/D197-D192T30_BAMqc /shared/projects/bi4edc/RASflow_IFB/results/LXACT_wholedata/mapping_hisat2/alignmentQC/D197-D192T31_BAMqc /shared/projects/bi4edc/RASflow_IFB/results/LXACT_wholedata/mapping_hisat2/alignmentQC/D197-D192T32_BAMqc /shared/projects/bi4edc/RASflow_IFB/results/LXACT_wholedata/mapping_hisat2/alignmentQC/D197-D192T33_BAMqc /shared/projects/bi4edc/RASflow_IFB/results/LXACT_wholedata/mapping_hisat2/alignmentQC/D197-D192T34_BAMqc /shared/projects/bi4edc/RASflow_IFB/results/LXACT_wholedata/mapping_hisat2/alignmentQC/D197-D192T35_BAMqc /shared/projects/bi4edc/RASflow_IFB/results/LXACT_wholedata/mapping_hisat2/alignmentQC/D197-D192T36_BAMqc /shared/projects/bi4edc/RASflow_IFB/results/LXACT_wholedata/mapping_hisat2/alignmentQC/D197-D192T37_BAMqc /shared/projects/bi4edc/RASflow_IFB/results/LXACT_wholedata/mapping_hisat2/alignmentQC/D197-D192T38_BAMqc /shared/projects/bi4edc/RASflow_IFB/results/LXACT_wholedata/mapping_hisat2/counting_featureCounts/countTables/D197-D192T27_table.tsv.summary /shared/projects/bi4edc/RASflow_IFB/results/LXACT_wholedata/mapping_hisat2/counting_featureCounts/countTables/D197-D192T28_table.tsv.summary /shared/projects/bi4edc/RASflow_IFB/results/LXACT_wholedata/mapping_hisat2/counting_featureCounts/countTables/D197-D192T29_table.tsv.summary /shared/projects/bi4edc/RASflow_IFB/results/LXACT_wholedata/mapping_hisat2/counting_featureCounts/countTables/D197-D192T30_table.tsv.summary /shared/projects/bi4edc/RASflow_IFB/results/LXACT_wholedata/mapping_hisat2/counting_featureCounts/countTables/D197-D192T31_table.tsv.summary /shared/projects/bi4edc/RASflow_IFB/results/LXACT_wholedata/mapping_hisat2/counting_featureCounts/countTables/D197-D192T32_table.tsv.summary /shared/projects/bi4edc/RASflow_IFB/results/LXACT_wholedata/mapping_hisat2/counting_featureCounts/countTables/D197-D192T33_table.tsv.summary /shared/projects/bi4edc/RASflow_IFB/results/LXACT_wholedata/mapping_hisat2/counting_featureCounts/countTables/D197-D192T34_table.tsv.summary /shared/projects/bi4edc/RASflow_IFB/results/LXACT_wholedata/mapping_hisat2/counting_featureCounts/countTables/D197-D192T35_table.tsv.summary /shared/projects/bi4edc/RASflow_IFB/results/LXACT_wholedata/mapping_hisat2/counting_featureCounts/countTables/D197-D192T36_table.tsv.summary /shared/projects/bi4edc/RASflow_IFB/results/LXACT_wholedata/mapping_hisat2/counting_featureCounts/countTables/D197-D192T37_table.tsv.summary /shared/projects/bi4edc/RASflow_IFB/results/LXACT_wholedata/mapping_hisat2/counting_featureCounts/countTables/D197-D192T38_table.tsv.summary --filename /shared/projects/bi4edc/RASflow_IFB/results/LXACT_wholedata/mapping_hisat2/report_align_count_featureCounts.html
[2020-11-20 11:39:08,701] multiqc                                            [DEBUG  ]  Latest MultiQC version is v1.9
[2020-11-20 11:39:08,701] multiqc                                            [INFO   ]  This is MultiQC v1.9
[2020-11-20 11:39:08,705] multiqc                                            [DEBUG  ]  Command     : /shared/mfs/data/projects/bi4edc/RASflow_IFB/.snakemake/conda/43b54aba/bin/multiqc /shared/projects/bi4edc/RASflow_IFB/results/LXACT_wholedata/mapping_hisat2/alignmentQC/D197-D192T27_BAMqc /shared/projects/bi4edc/RASflow_IFB/results/LXACT_wholedata/mapping_hisat2/alignmentQC/D197-D192T28_BAMqc /shared/projects/bi4edc/RASflow_IFB/results/LXACT_wholedata/mapping_hisat2/alignmentQC/D197-D192T29_BAMqc /shared/projects/bi4edc/RASflow_IFB/results/LXACT_wholedata/mapping_hisat2/alignmentQC/D197-D192T30_BAMqc /shared/projects/bi4edc/RASflow_IFB/results/LXACT_wholedata/mapping_hisat2/alignmentQC/D197-D192T31_BAMqc /shared/projects/bi4edc/RASflow_IFB/results/LXACT_wholedata/mapping_hisat2/alignmentQC/D197-D192T32_BAMqc /shared/projects/bi4edc/RASflow_IFB/results/LXACT_wholedata/mapping_hisat2/alignmentQC/D197-D192T33_BAMqc /shared/projects/bi4edc/RASflow_IFB/results/LXACT_wholedata/mapping_hisat2/alignmentQC/D197-D192T34_BAMqc /shared/projects/bi4edc/RASflow_IFB/results/LXACT_wholedata/mapping_hisat2/alignmentQC/D197-D192T35_BAMqc /shared/projects/bi4edc/RASflow_IFB/results/LXACT_wholedata/mapping_hisat2/alignmentQC/D197-D192T36_BAMqc /shared/projects/bi4edc/RASflow_IFB/results/LXACT_wholedata/mapping_hisat2/alignmentQC/D197-D192T37_BAMqc /shared/projects/bi4edc/RASflow_IFB/results/LXACT_wholedata/mapping_hisat2/alignmentQC/D197-D192T38_BAMqc /shared/projects/bi4edc/RASflow_IFB/results/LXACT_wholedata/mapping_hisat2/counting_featureCounts/countTables/D197-D192T27_table.tsv.summary /shared/projects/bi4edc/RASflow_IFB/results/LXACT_wholedata/mapping_hisat2/counting_featureCounts/countTables/D197-D192T28_table.tsv.summary /shared/projects/bi4edc/RASflow_IFB/results/LXACT_wholedata/mapping_hisat2/counting_featureCounts/countTables/D197-D192T29_table.tsv.summary /shared/projects/bi4edc/RASflow_IFB/results/LXACT_wholedata/mapping_hisat2/counting_featureCounts/countTables/D197-D192T30_table.tsv.summary /shared/projects/bi4edc/RASflow_IFB/results/LXACT_wholedata/mapping_hisat2/counting_featureCounts/countTables/D197-D192T31_table.tsv.summary /shared/projects/bi4edc/RASflow_IFB/results/LXACT_wholedata/mapping_hisat2/counting_featureCounts/countTables/D197-D192T32_table.tsv.summary /shared/projects/bi4edc/RASflow_IFB/results/LXACT_wholedata/mapping_hisat2/counting_featureCounts/countTables/D197-D192T33_table.tsv.summary /shared/projects/bi4edc/RASflow_IFB/results/LXACT_wholedata/mapping_hisat2/counting_featureCounts/countTables/D197-D192T34_table.tsv.summary /shared/projects/bi4edc/RASflow_IFB/results/LXACT_wholedata/mapping_hisat2/counting_featureCounts/countTables/D197-D192T35_table.tsv.summary /shared/projects/bi4edc/RASflow_IFB/results/LXACT_wholedata/mapping_hisat2/counting_featureCounts/countTables/D197-D192T36_table.tsv.summary /shared/projects/bi4edc/RASflow_IFB/results/LXACT_wholedata/mapping_hisat2/counting_featureCounts/countTables/D197-D192T37_table.tsv.summary /shared/projects/bi4edc/RASflow_IFB/results/LXACT_wholedata/mapping_hisat2/counting_featureCounts/countTables/D197-D192T38_table.tsv.summary --filename /shared/projects/bi4edc/RASflow_IFB/results/LXACT_wholedata/mapping_hisat2/report_align_count_featureCounts.html
[2020-11-20 11:39:08,705] multiqc                                            [DEBUG  ]  Working dir : /shared/mfs/data/projects/bi4edc/RASflow_IFB
[2020-11-20 11:39:08,705] multiqc                                            [INFO   ]  Template    : default
[2020-11-20 11:39:08,705] multiqc                                            [DEBUG  ]  Running Python 3.7.6 | packaged by conda-forge | (default, Jun  1 2020, 18:57:50)  [GCC 7.5.0]
[2020-11-20 11:39:08,705] multiqc                                            [INFO   ]  Searching   : /shared/projects/bi4edc/RASflow_IFB/results/LXACT_wholedata/mapping_hisat2/alignmentQC/D197-D192T27_BAMqc
[2020-11-20 11:39:08,705] multiqc                                            [INFO   ]  Searching   : /shared/projects/bi4edc/RASflow_IFB/results/LXACT_wholedata/mapping_hisat2/alignmentQC/D197-D192T28_BAMqc
[2020-11-20 11:39:08,705] multiqc                                            [INFO   ]  Searching   : /shared/projects/bi4edc/RASflow_IFB/results/LXACT_wholedata/mapping_hisat2/alignmentQC/D197-D192T29_BAMqc
[2020-11-20 11:39:08,705] multiqc                                            [INFO   ]  Searching   : /shared/projects/bi4edc/RASflow_IFB/results/LXACT_wholedata/mapping_hisat2/alignmentQC/D197-D192T30_BAMqc
[2020-11-20 11:39:08,705] multiqc                                            [INFO   ]  Searching   : /shared/projects/bi4edc/RASflow_IFB/results/LXACT_wholedata/mapping_hisat2/alignmentQC/D197-D192T31_BAMqc
[2020-11-20 11:39:08,705] multiqc                                            [INFO   ]  Searching   : /shared/projects/bi4edc/RASflow_IFB/results/LXACT_wholedata/mapping_hisat2/alignmentQC/D197-D192T32_BAMqc
[2020-11-20 11:39:08,705] multiqc                                            [INFO   ]  Searching   : /shared/projects/bi4edc/RASflow_IFB/results/LXACT_wholedata/mapping_hisat2/alignmentQC/D197-D192T33_BAMqc
[2020-11-20 11:39:08,706] multiqc                                            [INFO   ]  Searching   : /shared/projects/bi4edc/RASflow_IFB/results/LXACT_wholedata/mapping_hisat2/alignmentQC/D197-D192T34_BAMqc
[2020-11-20 11:39:08,706] multiqc                                            [INFO   ]  Searching   : /shared/projects/bi4edc/RASflow_IFB/results/LXACT_wholedata/mapping_hisat2/alignmentQC/D197-D192T35_BAMqc
[2020-11-20 11:39:08,706] multiqc                                            [INFO   ]  Searching   : /shared/projects/bi4edc/RASflow_IFB/results/LXACT_wholedata/mapping_hisat2/alignmentQC/D197-D192T36_BAMqc
[2020-11-20 11:39:08,706] multiqc                                            [INFO   ]  Searching   : /shared/projects/bi4edc/RASflow_IFB/results/LXACT_wholedata/mapping_hisat2/alignmentQC/D197-D192T37_BAMqc
[2020-11-20 11:39:08,706] multiqc                                            [INFO   ]  Searching   : /shared/projects/bi4edc/RASflow_IFB/results/LXACT_wholedata/mapping_hisat2/alignmentQC/D197-D192T38_BAMqc
[2020-11-20 11:39:08,706] multiqc                                            [INFO   ]  Searching   : /shared/projects/bi4edc/RASflow_IFB/results/LXACT_wholedata/mapping_hisat2/counting_featureCounts/countTables/D197-D192T27_table.tsv.summary
[2020-11-20 11:39:08,706] multiqc                                            [INFO   ]  Searching   : /shared/projects/bi4edc/RASflow_IFB/results/LXACT_wholedata/mapping_hisat2/counting_featureCounts/countTables/D197-D192T28_table.tsv.summary
[2020-11-20 11:39:08,706] multiqc                                            [INFO   ]  Searching   : /shared/projects/bi4edc/RASflow_IFB/results/LXACT_wholedata/mapping_hisat2/counting_featureCounts/countTables/D197-D192T29_table.tsv.summary
[2020-11-20 11:39:08,706] multiqc                                            [INFO   ]  Searching   : /shared/projects/bi4edc/RASflow_IFB/results/LXACT_wholedata/mapping_hisat2/counting_featureCounts/countTables/D197-D192T30_table.tsv.summary
[2020-11-20 11:39:08,706] multiqc                                            [INFO   ]  Searching   : /shared/projects/bi4edc/RASflow_IFB/results/LXACT_wholedata/mapping_hisat2/counting_featureCounts/countTables/D197-D192T31_table.tsv.summary
[2020-11-20 11:39:08,707] multiqc                                            [INFO   ]  Searching   : /shared/projects/bi4edc/RASflow_IFB/results/LXACT_wholedata/mapping_hisat2/counting_featureCounts/countTables/D197-D192T32_table.tsv.summary
[2020-11-20 11:39:08,707] multiqc                                            [INFO   ]  Searching   : /shared/projects/bi4edc/RASflow_IFB/results/LXACT_wholedata/mapping_hisat2/counting_featureCounts/countTables/D197-D192T33_table.tsv.summary
[2020-11-20 11:39:08,707] multiqc                                            [INFO   ]  Searching   : /shared/projects/bi4edc/RASflow_IFB/results/LXACT_wholedata/mapping_hisat2/counting_featureCounts/countTables/D197-D192T34_table.tsv.summary
[2020-11-20 11:39:08,707] multiqc                                            [INFO   ]  Searching   : /shared/projects/bi4edc/RASflow_IFB/results/LXACT_wholedata/mapping_hisat2/counting_featureCounts/countTables/D197-D192T35_table.tsv.summary
[2020-11-20 11:39:08,707] multiqc                                            [INFO   ]  Searching   : /shared/projects/bi4edc/RASflow_IFB/results/LXACT_wholedata/mapping_hisat2/counting_featureCounts/countTables/D197-D192T36_table.tsv.summary
[2020-11-20 11:39:08,707] multiqc                                            [INFO   ]  Searching   : /shared/projects/bi4edc/RASflow_IFB/results/LXACT_wholedata/mapping_hisat2/counting_featureCounts/countTables/D197-D192T37_table.tsv.summary
[2020-11-20 11:39:08,707] multiqc                                            [INFO   ]  Searching   : /shared/projects/bi4edc/RASflow_IFB/results/LXACT_wholedata/mapping_hisat2/counting_featureCounts/countTables/D197-D192T38_table.tsv.summary
[2020-11-20 11:39:08,708] multiqc                                            [DEBUG  ]  Analysing modules: custom_content, conpair, peddy, somalier, methylQA, mosdepth, phantompeakqualtools, qualimap, preseq, quast, qorts, rna_seqc, rockhopper, rsem, rseqc, busco, goleft_indexcov, disambiguate, supernova, deeptools, sargasso, verifybamid, mirtrace, happy, mirtop, homer, macs2, theta2, snpeff, gatk, htseq, bcftools, featureCounts, fgbio, dragen, dedup, damageprofiler, biobambam2, mtnucratio, picard, prokka, samblaster, samtools, sexdeterrmine, bamtools, jellyfish, vcftools, longranger, stacks, varscan2, bbmap, bismark, biscuit, hicexplorer, hicup, hicpro, salmon, kallisto, slamdunk, star, hisat2, tophat, bowtie2, bowtie1, snpsplit, kat, leehom, adapterRemoval, clipandmerge, cutadapt, flexbar, kaiju, kraken, malt, trimmomatic, sickle, skewer, sortmerna, biobloomtools, fastq_screen, afterqc, fastp, fastqc, pycoqc, minionqc, multivcfanalyzer, clusterflow, bcl2fastq, interop, ivar, flash, seqyclean
[2020-11-20 11:39:08,708] multiqc                                            [DEBUG  ]  Using temporary directory for creating report: /tmp/tmp7mln54ie
[2020-11-20 11:39:11,580] multiqc                                            [DEBUG  ]  Ignoring file as matched an ignore pattern: qualimapReport.html
[2020-11-20 11:39:11,755] multiqc                                            [DEBUG  ]  File ignored by hicexplorer because it exceeded search pattern filesize limit: insert_size_across_reference.txt
[2020-11-20 11:39:11,796] multiqc                                            [DEBUG  ]  File ignored by longranger/invocation because it exceeded search pattern filesize limit: insert_size_across_reference.txt
[2020-11-20 11:39:12,572] multiqc                                            [DEBUG  ]  File ignored by hicexplorer because it exceeded search pattern filesize limit: mapping_quality_across_reference.txt
[2020-11-20 11:39:12,606] multiqc                                            [DEBUG  ]  File ignored by longranger/invocation because it exceeded search pattern filesize limit: mapping_quality_across_reference.txt
[2020-11-20 11:39:13,710] multiqc                                            [DEBUG  ]  File ignored by longranger/invocation because it exceeded search pattern filesize limit: mapped_reads_clipping_profile.txt
[2020-11-20 11:39:14,011] multiqc                                            [DEBUG  ]  File ignored by hicexplorer because it exceeded search pattern filesize limit: mapped_reads_nucleotide_content.txt
[2020-11-20 11:39:14,106] multiqc                                            [DEBUG  ]  File ignored by longranger/invocation because it exceeded search pattern filesize limit: mapped_reads_nucleotide_content.txt
[2020-11-20 11:39:14,767] multiqc                                            [DEBUG  ]  File ignored by hicexplorer because it exceeded search pattern filesize limit: coverage_across_reference.txt
[2020-11-20 11:39:14,803] multiqc                                            [DEBUG  ]  File ignored by longranger/invocation because it exceeded search pattern filesize limit: coverage_across_reference.txt
[2020-11-20 11:39:15,184] multiqc                                            [DEBUG  ]  File ignored by hicexplorer because it exceeded search pattern filesize limit: websupport.js
[2020-11-20 11:39:15,213] multiqc                                            [DEBUG  ]  File ignored by longranger/invocation because it exceeded search pattern filesize limit: websupport.js
[2020-11-20 11:39:15,508] multiqc                                            [DEBUG  ]  File ignored by hicexplorer because it exceeded search pattern filesize limit: underscore.js
[2020-11-20 11:39:15,567] multiqc                                            [DEBUG  ]  File ignored by longranger/invocation because it exceeded search pattern filesize limit: underscore.js
[2020-11-20 11:39:15,799] multiqc                                            [DEBUG  ]  File ignored by hicexplorer because it exceeded search pattern filesize limit: searchtools.js
[2020-11-20 11:39:15,854] multiqc                                            [DEBUG  ]  File ignored by longranger/invocation because it exceeded search pattern filesize limit: searchtools.js
[2020-11-20 11:39:16,580] multiqc                                            [DEBUG  ]  File ignored by longranger/invocation because it exceeded search pattern filesize limit: pygments.css
[2020-11-20 11:39:16,805] multiqc                                            [DEBUG  ]  File ignored by hicexplorer because it exceeded search pattern filesize limit: jquery.js
[2020-11-20 11:39:16,880] multiqc                                            [DEBUG  ]  File ignored by longranger/invocation because it exceeded search pattern filesize limit: jquery.js
[2020-11-20 11:39:17,204] multiqc                                            [DEBUG  ]  File ignored by hicexplorer because it exceeded search pattern filesize limit: doctools.js
[2020-11-20 11:39:17,274] multiqc                                            [DEBUG  ]  File ignored by longranger/invocation because it exceeded search pattern filesize limit: doctools.js
[2020-11-20 11:39:17,510] multiqc                                            [DEBUG  ]  File ignored by hicexplorer because it exceeded search pattern filesize limit: basic.css
[2020-11-20 11:39:17,576] multiqc                                            [DEBUG  ]  File ignored by longranger/invocation because it exceeded search pattern filesize limit: basic.css
[2020-11-20 11:39:17,799] multiqc                                            [DEBUG  ]  File ignored by hicexplorer because it exceeded search pattern filesize limit: agogo.css
[2020-11-20 11:39:17,872] multiqc                                            [DEBUG  ]  File ignored by longranger/invocation because it exceeded search pattern filesize limit: agogo.css
[2020-11-20 11:39:18,201] multiqc                                            [DEBUG  ]  Ignoring file as matched an ignore pattern: qualimapReport.html
[2020-11-20 11:39:18,310] multiqc                                            [DEBUG  ]  File ignored by hicexplorer because it exceeded search pattern filesize limit: insert_size_across_reference.txt
[2020-11-20 11:39:18,369] multiqc                                            [DEBUG  ]  File ignored by longranger/invocation because it exceeded search pattern filesize limit: insert_size_across_reference.txt
[2020-11-20 11:39:18,910] multiqc                                            [DEBUG  ]  File ignored by hicexplorer because it exceeded search pattern filesize limit: mapping_quality_across_reference.txt
[2020-11-20 11:39:18,969] multiqc                                            [DEBUG  ]  File ignored by longranger/invocation because it exceeded search pattern filesize limit: mapping_quality_across_reference.txt
[2020-11-20 11:39:19,855] multiqc                                            [DEBUG  ]  File ignored by longranger/invocation because it exceeded search pattern filesize limit: mapped_reads_clipping_profile.txt
[2020-11-20 11:39:20,076] multiqc                                            [DEBUG  ]  File ignored by hicexplorer because it exceeded search pattern filesize limit: mapped_reads_nucleotide_content.txt
[2020-11-20 11:39:20,111] multiqc                                            [DEBUG  ]  File ignored by longranger/invocation because it exceeded search pattern filesize limit: mapped_reads_nucleotide_content.txt
[2020-11-20 11:39:20,659] multiqc                                            [DEBUG  ]  File ignored by hicexplorer because it exceeded search pattern filesize limit: coverage_across_reference.txt
[2020-11-20 11:39:20,690] multiqc                                            [DEBUG  ]  File ignored by longranger/invocation because it exceeded search pattern filesize limit: coverage_across_reference.txt
[2020-11-20 11:39:20,983] multiqc                                            [DEBUG  ]  File ignored by hicexplorer because it exceeded search pattern filesize limit: websupport.js
[2020-11-20 11:39:21,015] multiqc                                            [DEBUG  ]  File ignored by longranger/invocation because it exceeded search pattern filesize limit: websupport.js
[2020-11-20 11:39:21,291] multiqc                                            [DEBUG  ]  File ignored by hicexplorer because it exceeded search pattern filesize limit: underscore.js
[2020-11-20 11:39:21,362] multiqc                                            [DEBUG  ]  File ignored by longranger/invocation because it exceeded search pattern filesize limit: underscore.js
[2020-11-20 11:39:21,586] multiqc                                            [DEBUG  ]  File ignored by hicexplorer because it exceeded search pattern filesize limit: searchtools.js
[2020-11-20 11:39:21,615] multiqc                                            [DEBUG  ]  File ignored by longranger/invocation because it exceeded search pattern filesize limit: searchtools.js
[2020-11-20 11:39:22,405] multiqc                                            [DEBUG  ]  File ignored by longranger/invocation because it exceeded search pattern filesize limit: pygments.css
[2020-11-20 11:39:22,768] multiqc                                            [DEBUG  ]  File ignored by hicexplorer because it exceeded search pattern filesize limit: jquery.js
[2020-11-20 11:39:22,801] multiqc                                            [DEBUG  ]  File ignored by longranger/invocation because it exceeded search pattern filesize limit: jquery.js
[2020-11-20 11:39:23,104] multiqc                                            [DEBUG  ]  File ignored by hicexplorer because it exceeded search pattern filesize limit: doctools.js
[2020-11-20 11:39:23,166] multiqc                                            [DEBUG  ]  File ignored by longranger/invocation because it exceeded search pattern filesize limit: doctools.js
[2020-11-20 11:39:23,450] multiqc                                            [DEBUG  ]  File ignored by hicexplorer because it exceeded search pattern filesize limit: basic.css
[2020-11-20 11:39:23,479] multiqc                                            [DEBUG  ]  File ignored by longranger/invocation because it exceeded search pattern filesize limit: basic.css
[2020-11-20 11:39:23,706] multiqc                                            [DEBUG  ]  File ignored by hicexplorer because it exceeded search pattern filesize limit: agogo.css
[2020-11-20 11:39:23,782] multiqc                                            [DEBUG  ]  File ignored by longranger/invocation because it exceeded search pattern filesize limit: agogo.css
[2020-11-20 11:39:24,153] multiqc                                            [DEBUG  ]  Ignoring file as matched an ignore pattern: qualimapReport.html
[2020-11-20 11:39:24,313] multiqc                                            [DEBUG  ]  File ignored by hicexplorer because it exceeded search pattern filesize limit: insert_size_across_reference.txt
[2020-11-20 11:39:24,395] multiqc                                            [DEBUG  ]  File ignored by longranger/invocation because it exceeded search pattern filesize limit: insert_size_across_reference.txt
[2020-11-20 11:39:25,268] multiqc                                            [DEBUG  ]  File ignored by hicexplorer because it exceeded search pattern filesize limit: mapping_quality_across_reference.txt
[2020-11-20 11:39:25,300] multiqc                                            [DEBUG  ]  File ignored by longranger/invocation because it exceeded search pattern filesize limit: mapping_quality_across_reference.txt
[2020-11-20 11:39:26,298] multiqc                                            [DEBUG  ]  File ignored by longranger/invocation because it exceeded search pattern filesize limit: mapped_reads_clipping_profile.txt
[2020-11-20 11:39:26,709] multiqc                                            [DEBUG  ]  File ignored by hicexplorer because it exceeded search pattern filesize limit: mapped_reads_nucleotide_content.txt
[2020-11-20 11:39:26,786] multiqc                                            [DEBUG  ]  File ignored by longranger/invocation because it exceeded search pattern filesize limit: mapped_reads_nucleotide_content.txt
[2020-11-20 11:39:27,512] multiqc                                            [DEBUG  ]  File ignored by hicexplorer because it exceeded search pattern filesize limit: coverage_across_reference.txt
[2020-11-20 11:39:27,579] multiqc                                            [DEBUG  ]  File ignored by longranger/invocation because it exceeded search pattern filesize limit: coverage_across_reference.txt
[2020-11-20 11:39:27,916] multiqc                                            [DEBUG  ]  File ignored by hicexplorer because it exceeded search pattern filesize limit: websupport.js
[2020-11-20 11:39:27,984] multiqc                                            [DEBUG  ]  File ignored by longranger/invocation because it exceeded search pattern filesize limit: websupport.js
[2020-11-20 11:39:28,303] multiqc                                            [DEBUG  ]  File ignored by hicexplorer because it exceeded search pattern filesize limit: underscore.js
[2020-11-20 11:39:28,379] multiqc                                            [DEBUG  ]  File ignored by longranger/invocation because it exceeded search pattern filesize limit: underscore.js
[2020-11-20 11:39:28,692] multiqc                                            [DEBUG  ]  File ignored by hicexplorer because it exceeded search pattern filesize limit: searchtools.js
[2020-11-20 11:39:28,764] multiqc                                            [DEBUG  ]  File ignored by longranger/invocation because it exceeded search pattern filesize limit: searchtools.js
[2020-11-20 11:39:29,503] multiqc                                            [DEBUG  ]  File ignored by longranger/invocation because it exceeded search pattern filesize limit: pygments.css
[2020-11-20 11:39:29,853] multiqc                                            [DEBUG  ]  File ignored by hicexplorer because it exceeded search pattern filesize limit: jquery.js
[2020-11-20 11:39:29,897] multiqc                                            [DEBUG  ]  File ignored by longranger/invocation because it exceeded search pattern filesize limit: jquery.js
[2020-11-20 11:39:30,280] multiqc                                            [DEBUG  ]  File ignored by hicexplorer because it exceeded search pattern filesize limit: doctools.js
[2020-11-20 11:39:30,312] multiqc                                            [DEBUG  ]  File ignored by longranger/invocation because it exceeded search pattern filesize limit: doctools.js
[2020-11-20 11:39:30,703] multiqc                                            [DEBUG  ]  File ignored by hicexplorer because it exceeded search pattern filesize limit: basic.css
[2020-11-20 11:39:30,776] multiqc                                            [DEBUG  ]  File ignored by longranger/invocation because it exceeded search pattern filesize limit: basic.css
[2020-11-20 11:39:31,116] multiqc                                            [DEBUG  ]  File ignored by hicexplorer because it exceeded search pattern filesize limit: agogo.css
[2020-11-20 11:39:31,209] multiqc                                            [DEBUG  ]  File ignored by longranger/invocation because it exceeded search pattern filesize limit: agogo.css
[2020-11-20 11:39:31,583] multiqc                                            [DEBUG  ]  Ignoring file as matched an ignore pattern: qualimapReport.html
[2020-11-20 11:39:31,688] multiqc                                            [DEBUG  ]  File ignored by hicexplorer because it exceeded search pattern filesize limit: insert_size_across_reference.txt
[2020-11-20 11:39:31,698] multiqc                                            [DEBUG  ]  File ignored by longranger/invocation because it exceeded search pattern filesize limit: insert_size_across_reference.txt
[2020-11-20 11:39:32,076] multiqc                                            [DEBUG  ]  File ignored by hicexplorer because it exceeded search pattern filesize limit: mapping_quality_across_reference.txt
[2020-11-20 11:39:32,093] multiqc                                            [DEBUG  ]  File ignored by longranger/invocation because it exceeded search pattern filesize limit: mapping_quality_across_reference.txt
[2020-11-20 11:39:32,410] multiqc                                            [DEBUG  ]  File ignored by longranger/invocation because it exceeded search pattern filesize limit: mapped_reads_clipping_profile.txt
[2020-11-20 11:39:32,495] multiqc                                            [DEBUG  ]  File ignored by hicexplorer because it exceeded search pattern filesize limit: mapped_reads_nucleotide_content.txt
[2020-11-20 11:39:32,507] multiqc                                            [DEBUG  ]  File ignored by longranger/invocation because it exceeded search pattern filesize limit: mapped_reads_nucleotide_content.txt
[2020-11-20 11:39:32,774] multiqc                                            [DEBUG  ]  File ignored by hicexplorer because it exceeded search pattern filesize limit: coverage_across_reference.txt
[2020-11-20 11:39:32,785] multiqc                                            [DEBUG  ]  File ignored by longranger/invocation because it exceeded search pattern filesize limit: coverage_across_reference.txt
[2020-11-20 11:39:32,912] multiqc                                            [DEBUG  ]  File ignored by hicexplorer because it exceeded search pattern filesize limit: websupport.js
[2020-11-20 11:39:32,969] multiqc                                            [DEBUG  ]  File ignored by longranger/invocation because it exceeded search pattern filesize limit: websupport.js
[2020-11-20 11:39:33,155] multiqc                                            [DEBUG  ]  File ignored by hicexplorer because it exceeded search pattern filesize limit: underscore.js
[2020-11-20 11:39:33,169] multiqc                                            [DEBUG  ]  File ignored by longranger/invocation because it exceeded search pattern filesize limit: underscore.js
[2020-11-20 11:39:33,275] multiqc                                            [DEBUG  ]  File ignored by hicexplorer because it exceeded search pattern filesize limit: searchtools.js
[2020-11-20 11:39:33,286] multiqc                                            [DEBUG  ]  File ignored by longranger/invocation because it exceeded search pattern filesize limit: searchtools.js
[2020-11-20 11:39:33,511] multiqc                                            [DEBUG  ]  File ignored by longranger/invocation because it exceeded search pattern filesize limit: pygments.css
[2020-11-20 11:39:33,662] multiqc                                            [DEBUG  ]  File ignored by hicexplorer because it exceeded search pattern filesize limit: jquery.js
[2020-11-20 11:39:33,672] multiqc                                            [DEBUG  ]  File ignored by longranger/invocation because it exceeded search pattern filesize limit: jquery.js
[2020-11-20 11:39:33,803] multiqc                                            [DEBUG  ]  File ignored by hicexplorer because it exceeded search pattern filesize limit: doctools.js
[2020-11-20 11:39:33,812] multiqc                                            [DEBUG  ]  File ignored by longranger/invocation because it exceeded search pattern filesize limit: doctools.js
[2020-11-20 11:39:33,975] multiqc                                            [DEBUG  ]  File ignored by hicexplorer because it exceeded search pattern filesize limit: basic.css
[2020-11-20 11:39:33,988] multiqc                                            [DEBUG  ]  File ignored by longranger/invocation because it exceeded search pattern filesize limit: basic.css
[2020-11-20 11:39:34,093] multiqc                                            [DEBUG  ]  File ignored by hicexplorer because it exceeded search pattern filesize limit: agogo.css
[2020-11-20 11:39:34,105] multiqc                                            [DEBUG  ]  File ignored by longranger/invocation because it exceeded search pattern filesize limit: agogo.css
[2020-11-20 11:39:34,368] multiqc                                            [DEBUG  ]  Ignoring file as matched an ignore pattern: qualimapReport.html
[2020-11-20 11:39:34,608] multiqc                                            [DEBUG  ]  File ignored by hicexplorer because it exceeded search pattern filesize limit: insert_size_across_reference.txt
[2020-11-20 11:39:34,687] multiqc                                            [DEBUG  ]  File ignored by longranger/invocation because it exceeded search pattern filesize limit: insert_size_across_reference.txt
[2020-11-20 11:39:35,311] multiqc                                            [DEBUG  ]  File ignored by hicexplorer because it exceeded search pattern filesize limit: mapping_quality_across_reference.txt
[2020-11-20 11:39:35,384] multiqc                                            [DEBUG  ]  File ignored by longranger/invocation because it exceeded search pattern filesize limit: mapping_quality_across_reference.txt
[2020-11-20 11:39:36,071] multiqc                                            [DEBUG  ]  File ignored by longranger/invocation because it exceeded search pattern filesize limit: mapped_reads_clipping_profile.txt
[2020-11-20 11:39:36,302] multiqc                                            [DEBUG  ]  File ignored by hicexplorer because it exceeded search pattern filesize limit: mapped_reads_nucleotide_content.txt
[2020-11-20 11:39:36,379] multiqc                                            [DEBUG  ]  File ignored by longranger/invocation because it exceeded search pattern filesize limit: mapped_reads_nucleotide_content.txt
[2020-11-20 11:39:36,904] multiqc                                            [DEBUG  ]  File ignored by hicexplorer because it exceeded search pattern filesize limit: coverage_across_reference.txt
[2020-11-20 11:39:36,965] multiqc                                            [DEBUG  ]  File ignored by longranger/invocation because it exceeded search pattern filesize limit: coverage_across_reference.txt
[2020-11-20 11:39:37,214] multiqc                                            [DEBUG  ]  File ignored by hicexplorer because it exceeded search pattern filesize limit: websupport.js
[2020-11-20 11:39:37,287] multiqc                                            [DEBUG  ]  File ignored by longranger/invocation because it exceeded search pattern filesize limit: websupport.js
[2020-11-20 11:39:37,604] multiqc                                            [DEBUG  ]  File ignored by hicexplorer because it exceeded search pattern filesize limit: underscore.js
[2020-11-20 11:39:37,682] multiqc                                            [DEBUG  ]  File ignored by longranger/invocation because it exceeded search pattern filesize limit: underscore.js
[2020-11-20 11:39:37,911] multiqc                                            [DEBUG  ]  File ignored by hicexplorer because it exceeded search pattern filesize limit: searchtools.js
[2020-11-20 11:39:37,982] multiqc                                            [DEBUG  ]  File ignored by longranger/invocation because it exceeded search pattern filesize limit: searchtools.js
[2020-11-20 11:39:38,669] multiqc                                            [DEBUG  ]  File ignored by longranger/invocation because it exceeded search pattern filesize limit: pygments.css
[2020-11-20 11:39:38,982] multiqc                                            [DEBUG  ]  File ignored by hicexplorer because it exceeded search pattern filesize limit: jquery.js
[2020-11-20 11:39:39,010] multiqc                                            [DEBUG  ]  File ignored by longranger/invocation because it exceeded search pattern filesize limit: jquery.js
[2020-11-20 11:39:39,304] multiqc                                            [DEBUG  ]  File ignored by hicexplorer because it exceeded search pattern filesize limit: doctools.js
[2020-11-20 11:39:39,373] multiqc                                            [DEBUG  ]  File ignored by longranger/invocation because it exceeded search pattern filesize limit: doctools.js
[2020-11-20 11:39:39,672] multiqc                                            [DEBUG  ]  File ignored by hicexplorer because it exceeded search pattern filesize limit: basic.css
[2020-11-20 11:39:39,699] multiqc                                            [DEBUG  ]  File ignored by longranger/invocation because it exceeded search pattern filesize limit: basic.css
[2020-11-20 11:39:39,991] multiqc                                            [DEBUG  ]  File ignored by hicexplorer because it exceeded search pattern filesize limit: agogo.css
[2020-11-20 11:39:40,067] multiqc                                            [DEBUG  ]  File ignored by longranger/invocation because it exceeded search pattern filesize limit: agogo.css
[2020-11-20 11:39:40,354] multiqc                                            [DEBUG  ]  Ignoring file as matched an ignore pattern: qualimapReport.html
[2020-11-20 11:39:40,479] multiqc                                            [DEBUG  ]  File ignored by hicexplorer because it exceeded search pattern filesize limit: insert_size_across_reference.txt
[2020-11-20 11:39:40,512] multiqc                                            [DEBUG  ]  File ignored by longranger/invocation because it exceeded search pattern filesize limit: insert_size_across_reference.txt
[2020-11-20 11:39:41,167] multiqc                                            [DEBUG  ]  File ignored by hicexplorer because it exceeded search pattern filesize limit: mapping_quality_across_reference.txt
[2020-11-20 11:39:41,201] multiqc                                            [DEBUG  ]  File ignored by longranger/invocation because it exceeded search pattern filesize limit: mapping_quality_across_reference.txt
[2020-11-20 11:39:41,879] multiqc                                            [DEBUG  ]  File ignored by longranger/invocation because it exceeded search pattern filesize limit: mapped_reads_clipping_profile.txt
[2020-11-20 11:39:42,105] multiqc                                            [DEBUG  ]  File ignored by hicexplorer because it exceeded search pattern filesize limit: mapped_reads_nucleotide_content.txt
[2020-11-20 11:39:42,173] multiqc                                            [DEBUG  ]  File ignored by longranger/invocation because it exceeded search pattern filesize limit: mapped_reads_nucleotide_content.txt
[2020-11-20 11:39:42,756] multiqc                                            [DEBUG  ]  File ignored by hicexplorer because it exceeded search pattern filesize limit: coverage_across_reference.txt
[2020-11-20 11:39:42,788] multiqc                                            [DEBUG  ]  File ignored by longranger/invocation because it exceeded search pattern filesize limit: coverage_across_reference.txt
[2020-11-20 11:39:43,282] multiqc                                            [DEBUG  ]  File ignored by hicexplorer because it exceeded search pattern filesize limit: websupport.js
[2020-11-20 11:39:43,310] multiqc                                            [DEBUG  ]  File ignored by longranger/invocation because it exceeded search pattern filesize limit: websupport.js
[2020-11-20 11:39:43,709] multiqc                                            [DEBUG  ]  File ignored by hicexplorer because it exceeded search pattern filesize limit: underscore.js
[2020-11-20 11:39:43,794] multiqc                                            [DEBUG  ]  File ignored by longranger/invocation because it exceeded search pattern filesize limit: underscore.js
[2020-11-20 11:39:43,999] multiqc                                            [DEBUG  ]  File ignored by hicexplorer because it exceeded search pattern filesize limit: searchtools.js
[2020-11-20 11:39:44,012] multiqc                                            [DEBUG  ]  File ignored by longranger/invocation because it exceeded search pattern filesize limit: searchtools.js
[2020-11-20 11:39:44,893] multiqc                                            [DEBUG  ]  File ignored by longranger/invocation because it exceeded search pattern filesize limit: pygments.css
[2020-11-20 11:39:45,589] multiqc                                            [DEBUG  ]  File ignored by hicexplorer because it exceeded search pattern filesize limit: jquery.js
[2020-11-20 11:39:45,664] multiqc                                            [DEBUG  ]  File ignored by longranger/invocation because it exceeded search pattern filesize limit: jquery.js
[2020-11-20 11:39:45,983] multiqc                                            [DEBUG  ]  File ignored by hicexplorer because it exceeded search pattern filesize limit: doctools.js
[2020-11-20 11:39:46,014] multiqc                                            [DEBUG  ]  File ignored by longranger/invocation because it exceeded search pattern filesize limit: doctools.js
[2020-11-20 11:39:46,384] multiqc                                            [DEBUG  ]  File ignored by hicexplorer because it exceeded search pattern filesize limit: basic.css
[2020-11-20 11:39:46,414] multiqc                                            [DEBUG  ]  File ignored by longranger/invocation because it exceeded search pattern filesize limit: basic.css
[2020-11-20 11:39:46,692] multiqc                                            [DEBUG  ]  File ignored by hicexplorer because it exceeded search pattern filesize limit: agogo.css
[2020-11-20 11:39:46,752] multiqc                                            [DEBUG  ]  File ignored by longranger/invocation because it exceeded search pattern filesize limit: agogo.css
[2020-11-20 11:39:47,056] multiqc                                            [DEBUG  ]  Ignoring file as matched an ignore pattern: qualimapReport.html
[2020-11-20 11:39:47,194] multiqc                                            [DEBUG  ]  File ignored by hicexplorer because it exceeded search pattern filesize limit: insert_size_across_reference.txt
[2020-11-20 11:39:47,275] multiqc                                            [DEBUG  ]  File ignored by longranger/invocation because it exceeded search pattern filesize limit: insert_size_across_reference.txt
[2020-11-20 11:39:48,086] multiqc                                            [DEBUG  ]  File ignored by hicexplorer because it exceeded search pattern filesize limit: mapping_quality_across_reference.txt
[2020-11-20 11:39:48,154] multiqc                                            [DEBUG  ]  File ignored by longranger/invocation because it exceeded search pattern filesize limit: mapping_quality_across_reference.txt
[2020-11-20 11:39:48,968] multiqc                                            [DEBUG  ]  File ignored by longranger/invocation because it exceeded search pattern filesize limit: mapped_reads_clipping_profile.txt
[2020-11-20 11:39:49,273] multiqc                                            [DEBUG  ]  File ignored by hicexplorer because it exceeded search pattern filesize limit: mapped_reads_nucleotide_content.txt
[2020-11-20 11:39:49,303] multiqc                                            [DEBUG  ]  File ignored by longranger/invocation because it exceeded search pattern filesize limit: mapped_reads_nucleotide_content.txt
[2020-11-20 11:39:50,005] multiqc                                            [DEBUG  ]  File ignored by hicexplorer because it exceeded search pattern filesize limit: coverage_across_reference.txt
[2020-11-20 11:39:50,082] multiqc                                            [DEBUG  ]  File ignored by longranger/invocation because it exceeded search pattern filesize limit: coverage_across_reference.txt
[2020-11-20 11:39:50,474] multiqc                                            [DEBUG  ]  File ignored by hicexplorer because it exceeded search pattern filesize limit: websupport.js
[2020-11-20 11:39:50,511] multiqc                                            [DEBUG  ]  File ignored by longranger/invocation because it exceeded search pattern filesize limit: websupport.js
[2020-11-20 11:39:50,911] multiqc                                            [DEBUG  ]  File ignored by hicexplorer because it exceeded search pattern filesize limit: underscore.js
[2020-11-20 11:39:51,002] multiqc                                            [DEBUG  ]  File ignored by longranger/invocation because it exceeded search pattern filesize limit: underscore.js
[2020-11-20 11:39:51,316] multiqc                                            [DEBUG  ]  File ignored by hicexplorer because it exceeded search pattern filesize limit: searchtools.js
[2020-11-20 11:39:51,395] multiqc                                            [DEBUG  ]  File ignored by longranger/invocation because it exceeded search pattern filesize limit: searchtools.js
[2020-11-20 11:39:52,179] multiqc                                            [DEBUG  ]  File ignored by longranger/invocation because it exceeded search pattern filesize limit: pygments.css
[2020-11-20 11:39:52,556] multiqc                                            [DEBUG  ]  File ignored by hicexplorer because it exceeded search pattern filesize limit: jquery.js
[2020-11-20 11:39:52,590] multiqc                                            [DEBUG  ]  File ignored by longranger/invocation because it exceeded search pattern filesize limit: jquery.js
[2020-11-20 11:39:52,948] multiqc                                            [DEBUG  ]  File ignored by hicexplorer because it exceeded search pattern filesize limit: doctools.js
[2020-11-20 11:39:52,975] multiqc                                            [DEBUG  ]  File ignored by longranger/invocation because it exceeded search pattern filesize limit: doctools.js
[2020-11-20 11:39:53,367] multiqc                                            [DEBUG  ]  File ignored by hicexplorer because it exceeded search pattern filesize limit: basic.css
[2020-11-20 11:39:53,393] multiqc                                            [DEBUG  ]  File ignored by longranger/invocation because it exceeded search pattern filesize limit: basic.css
[2020-11-20 11:39:53,687] multiqc                                            [DEBUG  ]  File ignored by hicexplorer because it exceeded search pattern filesize limit: agogo.css
[2020-11-20 11:39:53,717] multiqc                                            [DEBUG  ]  File ignored by longranger/invocation because it exceeded search pattern filesize limit: agogo.css
[2020-11-20 11:39:54,160] multiqc                                            [DEBUG  ]  Ignoring file as matched an ignore pattern: qualimapReport.html
[2020-11-20 11:39:54,350] multiqc                                            [DEBUG  ]  File ignored by hicexplorer because it exceeded search pattern filesize limit: insert_size_across_reference.txt
[2020-11-20 11:39:54,377] multiqc                                            [DEBUG  ]  File ignored by longranger/invocation because it exceeded search pattern filesize limit: insert_size_across_reference.txt
[2020-11-20 11:39:55,014] multiqc                                            [DEBUG  ]  File ignored by hicexplorer because it exceeded search pattern filesize limit: mapping_quality_across_reference.txt
[2020-11-20 11:39:55,083] multiqc                                            [DEBUG  ]  File ignored by longranger/invocation because it exceeded search pattern filesize limit: mapping_quality_across_reference.txt
[2020-11-20 11:39:55,885] multiqc                                            [DEBUG  ]  File ignored by longranger/invocation because it exceeded search pattern filesize limit: mapped_reads_clipping_profile.txt
[2020-11-20 11:39:56,211] multiqc                                            [DEBUG  ]  File ignored by hicexplorer because it exceeded search pattern filesize limit: mapped_reads_nucleotide_content.txt
[2020-11-20 11:39:56,292] multiqc                                            [DEBUG  ]  File ignored by longranger/invocation because it exceeded search pattern filesize limit: mapped_reads_nucleotide_content.txt
[2020-11-20 11:39:56,908] multiqc                                            [DEBUG  ]  File ignored by hicexplorer because it exceeded search pattern filesize limit: coverage_across_reference.txt
[2020-11-20 11:39:56,981] multiqc                                            [DEBUG  ]  File ignored by longranger/invocation because it exceeded search pattern filesize limit: coverage_across_reference.txt
[2020-11-20 11:39:57,374] multiqc                                            [DEBUG  ]  File ignored by hicexplorer because it exceeded search pattern filesize limit: websupport.js
[2020-11-20 11:39:57,405] multiqc                                            [DEBUG  ]  File ignored by longranger/invocation because it exceeded search pattern filesize limit: websupport.js
[2020-11-20 11:39:57,805] multiqc                                            [DEBUG  ]  File ignored by hicexplorer because it exceeded search pattern filesize limit: underscore.js
[2020-11-20 11:39:57,874] multiqc                                            [DEBUG  ]  File ignored by longranger/invocation because it exceeded search pattern filesize limit: underscore.js
[2020-11-20 11:39:58,169] multiqc                                            [DEBUG  ]  File ignored by hicexplorer because it exceeded search pattern filesize limit: searchtools.js
[2020-11-20 11:39:58,197] multiqc                                            [DEBUG  ]  File ignored by longranger/invocation because it exceeded search pattern filesize limit: searchtools.js
[2020-11-20 11:39:59,187] multiqc                                            [DEBUG  ]  File ignored by longranger/invocation because it exceeded search pattern filesize limit: pygments.css
[2020-11-20 11:39:59,600] multiqc                                            [DEBUG  ]  File ignored by hicexplorer because it exceeded search pattern filesize limit: jquery.js
[2020-11-20 11:39:59,690] multiqc                                            [DEBUG  ]  File ignored by longranger/invocation because it exceeded search pattern filesize limit: jquery.js
[2020-11-20 11:40:00,096] multiqc                                            [DEBUG  ]  File ignored by hicexplorer because it exceeded search pattern filesize limit: doctools.js
[2020-11-20 11:40:00,176] multiqc                                            [DEBUG  ]  File ignored by longranger/invocation because it exceeded search pattern filesize limit: doctools.js
[2020-11-20 11:40:00,593] multiqc                                            [DEBUG  ]  File ignored by hicexplorer because it exceeded search pattern filesize limit: basic.css
[2020-11-20 11:40:00,684] multiqc                                            [DEBUG  ]  File ignored by longranger/invocation because it exceeded search pattern filesize limit: basic.css
[2020-11-20 11:40:01,001] multiqc                                            [DEBUG  ]  File ignored by hicexplorer because it exceeded search pattern filesize limit: agogo.css
[2020-11-20 11:40:01,073] multiqc                                            [DEBUG  ]  File ignored by longranger/invocation because it exceeded search pattern filesize limit: agogo.css
[2020-11-20 11:40:01,495] multiqc                                            [DEBUG  ]  Ignoring file as matched an ignore pattern: qualimapReport.html
[2020-11-20 11:40:01,608] multiqc                                            [DEBUG  ]  File ignored by hicexplorer because it exceeded search pattern filesize limit: insert_size_across_reference.txt
[2020-11-20 11:40:01,672] multiqc                                            [DEBUG  ]  File ignored by longranger/invocation because it exceeded search pattern filesize limit: insert_size_across_reference.txt
[2020-11-20 11:40:02,466] multiqc                                            [DEBUG  ]  File ignored by hicexplorer because it exceeded search pattern filesize limit: mapping_quality_across_reference.txt
[2020-11-20 11:40:02,492] multiqc                                            [DEBUG  ]  File ignored by longranger/invocation because it exceeded search pattern filesize limit: mapping_quality_across_reference.txt
[2020-11-20 11:40:03,370] multiqc                                            [DEBUG  ]  File ignored by longranger/invocation because it exceeded search pattern filesize limit: mapped_reads_clipping_profile.txt
[2020-11-20 11:40:03,666] multiqc                                            [DEBUG  ]  File ignored by hicexplorer because it exceeded search pattern filesize limit: mapped_reads_nucleotide_content.txt
[2020-11-20 11:40:03,706] multiqc                                            [DEBUG  ]  File ignored by longranger/invocation because it exceeded search pattern filesize limit: mapped_reads_nucleotide_content.txt
[2020-11-20 11:40:04,208] multiqc                                            [DEBUG  ]  File ignored by hicexplorer because it exceeded search pattern filesize limit: coverage_across_reference.txt
[2020-11-20 11:40:04,291] multiqc                                            [DEBUG  ]  File ignored by longranger/invocation because it exceeded search pattern filesize limit: coverage_across_reference.txt
[2020-11-20 11:40:04,689] multiqc                                            [DEBUG  ]  File ignored by hicexplorer because it exceeded search pattern filesize limit: websupport.js
[2020-11-20 11:40:04,775] multiqc                                            [DEBUG  ]  File ignored by longranger/invocation because it exceeded search pattern filesize limit: websupport.js
[2020-11-20 11:40:05,206] multiqc                                            [DEBUG  ]  File ignored by hicexplorer because it exceeded search pattern filesize limit: underscore.js
[2020-11-20 11:40:05,293] multiqc                                            [DEBUG  ]  File ignored by longranger/invocation because it exceeded search pattern filesize limit: underscore.js
[2020-11-20 11:40:05,677] multiqc                                            [DEBUG  ]  File ignored by hicexplorer because it exceeded search pattern filesize limit: searchtools.js
[2020-11-20 11:40:05,709] multiqc                                            [DEBUG  ]  File ignored by longranger/invocation because it exceeded search pattern filesize limit: searchtools.js
[2020-11-20 11:40:06,581] multiqc                                            [DEBUG  ]  File ignored by longranger/invocation because it exceeded search pattern filesize limit: pygments.css
[2020-11-20 11:40:06,987] multiqc                                            [DEBUG  ]  File ignored by hicexplorer because it exceeded search pattern filesize limit: jquery.js
[2020-11-20 11:40:07,016] multiqc                                            [DEBUG  ]  File ignored by longranger/invocation because it exceeded search pattern filesize limit: jquery.js
[2020-11-20 11:40:07,496] multiqc                                            [DEBUG  ]  File ignored by hicexplorer because it exceeded search pattern filesize limit: doctools.js
[2020-11-20 11:40:07,587] multiqc                                            [DEBUG  ]  File ignored by longranger/invocation because it exceeded search pattern filesize limit: doctools.js
[2020-11-20 11:40:08,083] multiqc                                            [DEBUG  ]  File ignored by hicexplorer because it exceeded search pattern filesize limit: basic.css
[2020-11-20 11:40:08,116] multiqc                                            [DEBUG  ]  File ignored by longranger/invocation because it exceeded search pattern filesize limit: basic.css
[2020-11-20 11:40:08,494] multiqc                                            [DEBUG  ]  File ignored by hicexplorer because it exceeded search pattern filesize limit: agogo.css
[2020-11-20 11:40:08,566] multiqc                                            [DEBUG  ]  File ignored by longranger/invocation because it exceeded search pattern filesize limit: agogo.css
[2020-11-20 11:40:09,003] multiqc                                            [DEBUG  ]  Ignoring file as matched an ignore pattern: qualimapReport.html
[2020-11-20 11:40:09,196] multiqc                                            [DEBUG  ]  File ignored by hicexplorer because it exceeded search pattern filesize limit: insert_size_across_reference.txt
[2020-11-20 11:40:09,286] multiqc                                            [DEBUG  ]  File ignored by longranger/invocation because it exceeded search pattern filesize limit: insert_size_across_reference.txt
[2020-11-20 11:40:10,207] multiqc                                            [DEBUG  ]  File ignored by hicexplorer because it exceeded search pattern filesize limit: mapping_quality_across_reference.txt
[2020-11-20 11:40:10,286] multiqc                                            [DEBUG  ]  File ignored by longranger/invocation because it exceeded search pattern filesize limit: mapping_quality_across_reference.txt
[2020-11-20 11:40:11,407] multiqc                                            [DEBUG  ]  File ignored by longranger/invocation because it exceeded search pattern filesize limit: mapped_reads_clipping_profile.txt
[2020-11-20 11:40:11,790] multiqc                                            [DEBUG  ]  File ignored by hicexplorer because it exceeded search pattern filesize limit: mapped_reads_nucleotide_content.txt
[2020-11-20 11:40:11,889] multiqc                                            [DEBUG  ]  File ignored by longranger/invocation because it exceeded search pattern filesize limit: mapped_reads_nucleotide_content.txt
[2020-11-20 11:40:12,814] multiqc                                            [DEBUG  ]  File ignored by hicexplorer because it exceeded search pattern filesize limit: coverage_across_reference.txt
[2020-11-20 11:40:12,908] multiqc                                            [DEBUG  ]  File ignored by longranger/invocation because it exceeded search pattern filesize limit: coverage_across_reference.txt
[2020-11-20 11:40:13,586] multiqc                                            [DEBUG  ]  File ignored by hicexplorer because it exceeded search pattern filesize limit: websupport.js
[2020-11-20 11:40:13,674] multiqc                                            [DEBUG  ]  File ignored by longranger/invocation because it exceeded search pattern filesize limit: websupport.js
[2020-11-20 11:40:14,412] multiqc                                            [DEBUG  ]  File ignored by hicexplorer because it exceeded search pattern filesize limit: underscore.js
[2020-11-20 11:40:14,505] multiqc                                            [DEBUG  ]  File ignored by longranger/invocation because it exceeded search pattern filesize limit: underscore.js
[2020-11-20 11:40:14,791] multiqc                                            [DEBUG  ]  File ignored by hicexplorer because it exceeded search pattern filesize limit: searchtools.js
[2020-11-20 11:40:14,891] multiqc                                            [DEBUG  ]  File ignored by longranger/invocation because it exceeded search pattern filesize limit: searchtools.js
[2020-11-20 11:40:15,816] multiqc                                            [DEBUG  ]  File ignored by longranger/invocation because it exceeded search pattern filesize limit: pygments.css
[2020-11-20 11:40:16,091] multiqc                                            [DEBUG  ]  File ignored by hicexplorer because it exceeded search pattern filesize limit: jquery.js
[2020-11-20 11:40:16,164] multiqc                                            [DEBUG  ]  File ignored by longranger/invocation because it exceeded search pattern filesize limit: jquery.js
[2020-11-20 11:40:16,486] multiqc                                            [DEBUG  ]  File ignored by hicexplorer because it exceeded search pattern filesize limit: doctools.js
[2020-11-20 11:40:16,516] multiqc                                            [DEBUG  ]  File ignored by longranger/invocation because it exceeded search pattern filesize limit: doctools.js
[2020-11-20 11:40:16,793] multiqc                                            [DEBUG  ]  File ignored by hicexplorer because it exceeded search pattern filesize limit: basic.css
[2020-11-20 11:40:16,853] multiqc                                            [DEBUG  ]  File ignored by longranger/invocation because it exceeded search pattern filesize limit: basic.css
[2020-11-20 11:40:17,095] multiqc                                            [DEBUG  ]  File ignored by hicexplorer because it exceeded search pattern filesize limit: agogo.css
[2020-11-20 11:40:17,149] multiqc                                            [DEBUG  ]  File ignored by longranger/invocation because it exceeded search pattern filesize limit: agogo.css
[2020-11-20 11:40:17,410] multiqc                                            [DEBUG  ]  Ignoring file as matched an ignore pattern: qualimapReport.html
[2020-11-20 11:40:17,576] multiqc                                            [DEBUG  ]  File ignored by hicexplorer because it exceeded search pattern filesize limit: insert_size_across_reference.txt
[2020-11-20 11:40:17,607] multiqc                                            [DEBUG  ]  File ignored by longranger/invocation because it exceeded search pattern filesize limit: insert_size_across_reference.txt
[2020-11-20 11:40:18,164] multiqc                                            [DEBUG  ]  File ignored by hicexplorer because it exceeded search pattern filesize limit: mapping_quality_across_reference.txt
[2020-11-20 11:40:18,189] multiqc                                            [DEBUG  ]  File ignored by longranger/invocation because it exceeded search pattern filesize limit: mapping_quality_across_reference.txt
[2020-11-20 11:40:18,791] multiqc                                            [DEBUG  ]  File ignored by longranger/invocation because it exceeded search pattern filesize limit: mapped_reads_clipping_profile.txt
[2020-11-20 11:40:19,175] multiqc                                            [DEBUG  ]  File ignored by hicexplorer because it exceeded search pattern filesize limit: mapped_reads_nucleotide_content.txt
[2020-11-20 11:40:19,202] multiqc                                            [DEBUG  ]  File ignored by longranger/invocation because it exceeded search pattern filesize limit: mapped_reads_nucleotide_content.txt
[2020-11-20 11:40:19,712] multiqc                                            [DEBUG  ]  File ignored by hicexplorer because it exceeded search pattern filesize limit: coverage_across_reference.txt
[2020-11-20 11:40:19,793] multiqc                                            [DEBUG  ]  File ignored by longranger/invocation because it exceeded search pattern filesize limit: coverage_across_reference.txt
[2020-11-20 11:40:20,106] multiqc                                            [DEBUG  ]  File ignored by hicexplorer because it exceeded search pattern filesize limit: websupport.js
[2020-11-20 11:40:20,265] multiqc                                            [DEBUG  ]  File ignored by longranger/invocation because it exceeded search pattern filesize limit: websupport.js
[2020-11-20 11:40:20,585] multiqc                                            [DEBUG  ]  File ignored by hicexplorer because it exceeded search pattern filesize limit: underscore.js
[2020-11-20 11:40:20,611] multiqc                                            [DEBUG  ]  File ignored by longranger/invocation because it exceeded search pattern filesize limit: underscore.js
[2020-11-20 11:40:21,005] multiqc                                            [DEBUG  ]  File ignored by hicexplorer because it exceeded search pattern filesize limit: searchtools.js
[2020-11-20 11:40:21,099] multiqc                                            [DEBUG  ]  File ignored by longranger/invocation because it exceeded search pattern filesize limit: searchtools.js
[2020-11-20 11:40:21,993] multiqc                                            [DEBUG  ]  File ignored by longranger/invocation because it exceeded search pattern filesize limit: pygments.css
[2020-11-20 11:40:22,315] multiqc                                            [DEBUG  ]  File ignored by hicexplorer because it exceeded search pattern filesize limit: jquery.js
[2020-11-20 11:40:22,379] multiqc                                            [DEBUG  ]  File ignored by longranger/invocation because it exceeded search pattern filesize limit: jquery.js
[2020-11-20 11:40:22,696] multiqc                                            [DEBUG  ]  File ignored by hicexplorer because it exceeded search pattern filesize limit: doctools.js
[2020-11-20 11:40:22,760] multiqc                                            [DEBUG  ]  File ignored by longranger/invocation because it exceeded search pattern filesize limit: doctools.js
[2020-11-20 11:40:23,064] multiqc                                            [DEBUG  ]  File ignored by hicexplorer because it exceeded search pattern filesize limit: basic.css
[2020-11-20 11:40:23,092] multiqc                                            [DEBUG  ]  File ignored by longranger/invocation because it exceeded search pattern filesize limit: basic.css
[2020-11-20 11:40:23,496] multiqc                                            [DEBUG  ]  File ignored by hicexplorer because it exceeded search pattern filesize limit: agogo.css
[2020-11-20 11:40:23,557] multiqc                                            [DEBUG  ]  File ignored by longranger/invocation because it exceeded search pattern filesize limit: agogo.css
[2020-11-20 11:40:23,796] multiqc                                            [DEBUG  ]  Ignoring file as matched an ignore pattern: qualimapReport.html
[2020-11-20 11:40:23,906] multiqc                                            [DEBUG  ]  File ignored by hicexplorer because it exceeded search pattern filesize limit: insert_size_across_reference.txt
[2020-11-20 11:40:23,962] multiqc                                            [DEBUG  ]  File ignored by longranger/invocation because it exceeded search pattern filesize limit: insert_size_across_reference.txt
[2020-11-20 11:40:24,574] multiqc                                            [DEBUG  ]  File ignored by hicexplorer because it exceeded search pattern filesize limit: mapping_quality_across_reference.txt
[2020-11-20 11:40:24,608] multiqc                                            [DEBUG  ]  File ignored by longranger/invocation because it exceeded search pattern filesize limit: mapping_quality_across_reference.txt
[2020-11-20 11:40:25,370] multiqc                                            [DEBUG  ]  File ignored by longranger/invocation because it exceeded search pattern filesize limit: mapped_reads_clipping_profile.txt
[2020-11-20 11:40:25,584] multiqc                                            [DEBUG  ]  File ignored by hicexplorer because it exceeded search pattern filesize limit: mapped_reads_nucleotide_content.txt
[2020-11-20 11:40:25,666] multiqc                                            [DEBUG  ]  File ignored by longranger/invocation because it exceeded search pattern filesize limit: mapped_reads_nucleotide_content.txt
[2020-11-20 11:40:26,178] multiqc                                            [DEBUG  ]  File ignored by hicexplorer because it exceeded search pattern filesize limit: coverage_across_reference.txt
[2020-11-20 11:40:26,253] multiqc                                            [DEBUG  ]  File ignored by longranger/invocation because it exceeded search pattern filesize limit: coverage_across_reference.txt
[2020-11-20 11:40:26,560] multiqc                                            [DEBUG  ]  File ignored by hicexplorer because it exceeded search pattern filesize limit: websupport.js
[2020-11-20 11:40:26,585] multiqc                                            [DEBUG  ]  File ignored by longranger/invocation because it exceeded search pattern filesize limit: websupport.js
[2020-11-20 11:40:26,870] multiqc                                            [DEBUG  ]  File ignored by hicexplorer because it exceeded search pattern filesize limit: underscore.js
[2020-11-20 11:40:26,900] multiqc                                            [DEBUG  ]  File ignored by longranger/invocation because it exceeded search pattern filesize limit: underscore.js
[2020-11-20 11:40:27,119] multiqc                                            [DEBUG  ]  File ignored by hicexplorer because it exceeded search pattern filesize limit: searchtools.js
[2020-11-20 11:40:27,196] multiqc                                            [DEBUG  ]  File ignored by longranger/invocation because it exceeded search pattern filesize limit: searchtools.js
[2020-11-20 11:40:27,702] multiqc                                            [DEBUG  ]  File ignored by longranger/invocation because it exceeded search pattern filesize limit: pygments.css
[2020-11-20 11:40:28,014] multiqc                                            [DEBUG  ]  File ignored by hicexplorer because it exceeded search pattern filesize limit: jquery.js
[2020-11-20 11:40:28,073] multiqc                                            [DEBUG  ]  File ignored by longranger/invocation because it exceeded search pattern filesize limit: jquery.js
[2020-11-20 11:40:28,403] multiqc                                            [DEBUG  ]  File ignored by hicexplorer because it exceeded search pattern filesize limit: doctools.js
[2020-11-20 11:40:28,480] multiqc                                            [DEBUG  ]  File ignored by longranger/invocation because it exceeded search pattern filesize limit: doctools.js
[2020-11-20 11:40:28,867] multiqc                                            [DEBUG  ]  File ignored by hicexplorer because it exceeded search pattern filesize limit: basic.css
[2020-11-20 11:40:28,895] multiqc                                            [DEBUG  ]  File ignored by longranger/invocation because it exceeded search pattern filesize limit: basic.css
[2020-11-20 11:40:29,276] multiqc                                            [DEBUG  ]  File ignored by hicexplorer because it exceeded search pattern filesize limit: agogo.css
[2020-11-20 11:40:29,302] multiqc                                            [DEBUG  ]  File ignored by longranger/invocation because it exceeded search pattern filesize limit: agogo.css
[2020-11-20 11:40:41,893] multiqc.plots.bargraph                             [DEBUG  ]  Using matplotlib version 3.3.2
[2020-11-20 11:40:41,942] multiqc.plots.linegraph                            [DEBUG  ]  Using matplotlib version 3.3.2
[2020-11-20 11:40:42,008] multiqc                                            [DEBUG  ]  No samples found: custom_content
[2020-11-20 11:40:42,146] multiqc                                            [DEBUG  ]  No samples found: conpair
[2020-11-20 11:40:42,252] multiqc                                            [DEBUG  ]  No samples found: peddy
[2020-11-20 11:40:42,342] multiqc                                            [DEBUG  ]  No samples found: somalier
[2020-11-20 11:40:42,402] multiqc                                            [DEBUG  ]  No samples found: methylQA
[2020-11-20 11:40:42,640] multiqc                                            [DEBUG  ]  No samples found: mosdepth
[2020-11-20 11:40:42,685] multiqc                                            [DEBUG  ]  No samples found: phantompeakqualtools
[2020-11-20 11:40:45,290] multiqc.modules.qualimap.QM_BamQC                  [DEBUG  ]  Using default Qualimap thresholds: 1, 5, 10, 30, 50
[2020-11-20 11:40:45,769] multiqc.modules.qualimap.qualimap                  [INFO   ]  Found 12 BamQC reports
[2020-11-20 11:40:45,852] multiqc                                            [DEBUG  ]  No samples found: preseq
[2020-11-20 11:40:45,938] multiqc                                            [DEBUG  ]  No samples found: quast
[2020-11-20 11:40:45,994] multiqc                                            [DEBUG  ]  No samples found: qorts
[2020-11-20 11:40:46,082] multiqc                                            [DEBUG  ]  No samples found: rna_seqc
[2020-11-20 11:40:46,163] multiqc                                            [DEBUG  ]  No samples found: rockhopper
[2020-11-20 11:40:46,240] multiqc                                            [DEBUG  ]  No samples found: rsem
[2020-11-20 11:40:46,604] multiqc                                            [DEBUG  ]  No samples found: rseqc
[2020-11-20 11:40:46,705] multiqc                                            [DEBUG  ]  No samples found: busco
[2020-11-20 11:40:46,785] multiqc                                            [DEBUG  ]  No samples found: goleft_indexcov
[2020-11-20 11:40:46,879] multiqc                                            [DEBUG  ]  No samples found: disambiguate
[2020-11-20 11:40:46,941] multiqc                                            [DEBUG  ]  No samples found: supernova
[2020-11-20 11:40:47,306] multiqc                                            [DEBUG  ]  No samples found: deeptools
[2020-11-20 11:40:47,363] multiqc                                            [DEBUG  ]  No samples found: sargasso
[2020-11-20 11:40:47,452] multiqc                                            [DEBUG  ]  No samples found: verifybamid
[2020-11-20 11:40:47,552] multiqc                                            [DEBUG  ]  No samples found: mirtrace
[2020-11-20 11:40:47,641] multiqc                                            [DEBUG  ]  No samples found: happy
[2020-11-20 11:40:47,698] multiqc                                            [DEBUG  ]  No samples found: mirtop
[2020-11-20 11:40:47,861] multiqc                                            [DEBUG  ]  No samples found: homer
[2020-11-20 11:40:47,903] multiqc                                            [DEBUG  ]  No samples found: macs2
[2020-11-20 11:40:48,041] multiqc                                            [DEBUG  ]  No samples found: theta2
[2020-11-20 11:40:48,099] multiqc                                            [DEBUG  ]  No samples found: snpeff
[2020-11-20 11:40:48,241] multiqc                                            [DEBUG  ]  No samples found: gatk
[2020-11-20 11:40:48,355] multiqc                                            [DEBUG  ]  No samples found: htseq
[2020-11-20 11:40:48,455] multiqc                                            [DEBUG  ]  No samples found: bcftools
[2020-11-20 11:40:48,614] multiqc.modules.featureCounts.feature_counts       [INFO   ]  Found 12 reports
[2020-11-20 11:40:48,759] multiqc                                            [DEBUG  ]  No samples found: fgbio
[2020-11-20 11:40:49,097] multiqc                                            [DEBUG  ]  No samples found: dragen
[2020-11-20 11:40:49,152] multiqc                                            [DEBUG  ]  No samples found: dedup
[2020-11-20 11:40:49,205] multiqc                                            [DEBUG  ]  No samples found: damageprofiler
[2020-11-20 11:40:50,340] multiqc                                            [DEBUG  ]  No samples found: biobambam2
[2020-11-20 11:40:50,459] multiqc                                            [DEBUG  ]  No samples found: mtnucratio
[2020-11-20 11:40:50,463] multiqc                                            [DEBUG  ]  No samples found: picard
[2020-11-20 11:40:50,540] multiqc                                            [DEBUG  ]  No samples found: prokka
[2020-11-20 11:40:50,581] multiqc                                            [DEBUG  ]  No samples found: samblaster
[2020-11-20 11:40:50,744] multiqc                                            [DEBUG  ]  No samples found: samtools
[2020-11-20 11:40:50,802] multiqc                                            [DEBUG  ]  No samples found: sexdeterrmine
[2020-11-20 11:40:50,943] multiqc                                            [DEBUG  ]  No samples found: bamtools
[2020-11-20 11:40:51,009] multiqc                                            [DEBUG  ]  No samples found: jellyfish
[2020-11-20 11:40:51,200] multiqc                                            [DEBUG  ]  No samples found: vcftools
[2020-11-20 11:40:51,264] multiqc                                            [DEBUG  ]  No samples found: longranger
[2020-11-20 11:40:51,339] multiqc                                            [DEBUG  ]  No samples found: stacks
[2020-11-20 11:40:51,416] multiqc                                            [DEBUG  ]  No samples found: varscan2
[2020-11-20 11:40:51,906] multiqc                                            [DEBUG  ]  No samples found: bbmap
[2020-11-20 11:40:51,969] multiqc                                            [DEBUG  ]  No samples found: bismark
[2020-11-20 11:40:52,040] multiqc                                            [DEBUG  ]  No samples found: biscuit
[2020-11-20 11:40:52,140] multiqc                                            [DEBUG  ]  No samples found: hicexplorer
[2020-11-20 11:40:52,267] multiqc                                            [DEBUG  ]  No samples found: hicup
[2020-11-20 11:40:52,309] multiqc                                            [DEBUG  ]  No samples found: hicpro
[2020-11-20 11:40:52,395] multiqc                                            [DEBUG  ]  No samples found: salmon
[2020-11-20 11:40:52,469] multiqc                                            [DEBUG  ]  No samples found: kallisto
[2020-11-20 11:40:52,513] multiqc                                            [DEBUG  ]  No samples found: slamdunk
[2020-11-20 11:40:52,640] multiqc                                            [DEBUG  ]  No samples found: star
[2020-11-20 11:40:52,709] multiqc                                            [DEBUG  ]  No samples found: hisat2
[2020-11-20 11:40:52,761] multiqc                                            [DEBUG  ]  No samples found: tophat
[2020-11-20 11:40:52,848] multiqc                                            [DEBUG  ]  No samples found: bowtie2
[2020-11-20 11:40:52,896] multiqc                                            [DEBUG  ]  No samples found: bowtie1
[2020-11-20 11:40:52,980] multiqc                                            [DEBUG  ]  No samples found: snpsplit
[2020-11-20 11:40:53,092] multiqc                                            [DEBUG  ]  No samples found: kat
[2020-11-20 11:40:53,172] multiqc                                            [DEBUG  ]  No samples found: leehom
[2020-11-20 11:40:53,207] multiqc                                            [DEBUG  ]  No samples found: adapterRemoval
[2020-11-20 11:40:53,280] multiqc                                            [DEBUG  ]  No samples found: clipandmerge
[2020-11-20 11:40:53,405] multiqc                                            [DEBUG  ]  No samples found: cutadapt
[2020-11-20 11:40:53,468] multiqc                                            [DEBUG  ]  No samples found: flexbar
[2020-11-20 11:40:53,553] multiqc                                            [DEBUG  ]  No samples found: kaiju
[2020-11-20 11:40:53,606] multiqc                                            [DEBUG  ]  No samples found: kraken
[2020-11-20 11:40:53,706] multiqc                                            [DEBUG  ]  No samples found: malt
[2020-11-20 11:40:53,763] multiqc                                            [DEBUG  ]  No samples found: trimmomatic
[2020-11-20 11:40:53,841] multiqc                                            [DEBUG  ]  No samples found: sickle
[2020-11-20 11:40:53,941] multiqc                                            [DEBUG  ]  No samples found: skewer
[2020-11-20 11:40:53,991] multiqc                                            [DEBUG  ]  No samples found: sortmerna
[2020-11-20 11:40:54,094] multiqc                                            [DEBUG  ]  No samples found: biobloomtools
[2020-11-20 11:40:54,205] multiqc                                            [DEBUG  ]  No samples found: fastq_screen
[2020-11-20 11:40:54,353] multiqc                                            [DEBUG  ]  No samples found: afterqc
[2020-11-20 11:40:54,410] multiqc                                            [DEBUG  ]  No samples found: fastp
[2020-11-20 11:40:54,508] multiqc                                            [DEBUG  ]  No samples found: fastqc
[2020-11-20 11:40:54,586] multiqc                                            [DEBUG  ]  No samples found: pycoqc
[2020-11-20 11:40:54,641] multiqc                                            [DEBUG  ]  No samples found: minionqc
[2020-11-20 11:40:54,741] multiqc                                            [DEBUG  ]  No samples found: multivcfanalyzer
[2020-11-20 11:40:55,106] multiqc                                            [DEBUG  ]  No samples found: clusterflow
[2020-11-20 11:40:55,367] multiqc                                            [DEBUG  ]  No samples found: bcl2fastq
[2020-11-20 11:40:55,411] multiqc                                            [DEBUG  ]  No samples found: interop
[2020-11-20 11:40:55,474] multiqc                                            [DEBUG  ]  No samples found: ivar
[2020-11-20 11:40:55,541] multiqc                                            [DEBUG  ]  No samples found: flash
[2020-11-20 11:40:55,615] multiqc                                            [DEBUG  ]  No samples found: seqyclean
[2020-11-20 11:40:55,675] multiqc                                            [INFO   ]  Compressing plot data
[2020-11-20 11:40:56,047] multiqc                                            [INFO   ]  Report      : ../../../../../projects/bi4edc/RASflow_IFB/results/LXACT_wholedata/mapping_hisat2/report_align_count_featureCounts.html
[2020-11-20 11:40:56,047] multiqc                                            [INFO   ]  Data        : ../../../../../projects/bi4edc/RASflow_IFB/results/LXACT_wholedata/mapping_hisat2/report_align_count_featureCounts_data
[2020-11-20 11:40:56,048] multiqc                                            [DEBUG  ]  Moving data file from '/tmp/tmp7mln54ie/multiqc_data' to '/shared/projects/bi4edc/RASflow_IFB/results/LXACT_wholedata/mapping_hisat2/report_align_count_featureCounts_data'
[2020-11-20 11:41:00,750] multiqc                                            [INFO   ]  MultiQC complete
